<?xml version="1.0" encoding="UTF-8"?>
<!-- Generated by org.testng.reporters.JUnitXMLReporter -->
<testsuite hostname="AishwaryaVivek" name="Default test" tests="12" failures="0" timestamp="30 Dec 2014 14:50:01 GMT" time="0.1" errors="0">
  <testcase name="doRegister" time="0.015" classname="testcases.RegTest"/>
  <testcase name="doRegister" time="0.001" classname="testcases.RegTest"/>
  <testcase name="testLogin" time="0.002" classname="testcases.SampleTest"/>
  <testcase name="testLogin" time="0.002" classname="testcases.SampleTest"/>
  <testcase name="login" time="0.029" classname="testng_listeners.LoginTest"/>
  <testcase name="testA" time="0.002" classname="testcases.TestCases"/>
  <testcase name="testA" time="0.001" classname="testcases.TestCases"/>
  <testcase name="adminLogin" time="0.001" classname="testng_listeners.LoginTest"/>
  <testcase name="testB" time="0.002" classname="testcases.TestCases"/>
  <testcase name="testB" time="0.001" classname="testcases.TestCases"/>
  <testcase name="testChangePassword" time="0.001" classname="testcases.SampleTest"/>
  <testcase name="logout" time="0.001" classname="testcases.SampleTest"/>
</testsuite> <!-- Default test -->
